[0.774s] DEBUG:colcon:Command line arguments: ['/usr/bin/colcon', 'build', '--packages-select', 'lidar_processing']
[0.774s] DEBUG:colcon:Parsed command line arguments: Namespace(ament_cmake_args=None, base_paths=['.'], build_base='build', catkin_cmake_args=None, catkin_skip_building_tests=False, cmake_args=None, cmake_clean_cache=False, cmake_clean_first=False, cmake_force_configure=False, cmake_target=None, cmake_target_skip_unavailable=False, continue_on_error=False, event_handlers=None, executor='parallel', ignore_user_meta=False, install_base='install', log_base=None, log_level=None, main=<bound method BuildVerb.main of <colcon_core.verb.build.BuildVerb object at 0x7f1cea2be520>>, merge_install=False, metas=['./colcon.meta'], mixin=None, mixin_files=None, mixin_verb=('build',), packages_above=None, packages_above_and_dependencies=None, packages_above_depth=None, packages_end=None, packages_ignore=None, packages_ignore_regex=None, packages_select=['lidar_processing'], packages_select_build_failed=False, packages_select_by_dep=None, packages_select_regex=None, packages_select_test_failures=False, packages_skip=None, packages_skip_build_finished=False, packages_skip_by_dep=None, packages_skip_regex=None, packages_skip_test_passed=False, packages_skip_up_to=None, packages_start=None, packages_up_to=None, packages_up_to_regex=None, parallel_workers=12, paths=None, symlink_install=False, test_result_base=None, verb_extension=<colcon_core.verb.build.BuildVerb object at 0x7f1cea2be520>, verb_name='build', verb_parser=<colcon_mixin.mixin.mixin_argument.MixinArgumentDecorator object at 0x7f1cea2beb80>)
[0.847s] Level 1:colcon.colcon_core.package_discovery:discover_packages(colcon_meta) check parameters
[0.849s] INFO:colcon.colcon_metadata.package_discovery.colcon_meta:Using configuration from '/root/.colcon/metadata/default/Gazebo.meta'
[0.850s] INFO:colcon.colcon_metadata.package_discovery.colcon_meta:Using configuration from '/root/.colcon/metadata/default/fastdds.meta'
[0.850s] INFO:colcon.colcon_metadata.package_discovery.colcon_meta:Using configuration from '/root/.colcon/metadata/default/fastrtps.meta'
[0.851s] Level 1:colcon.colcon_core.package_discovery:discover_packages(recursive) check parameters
[0.851s] Level 1:colcon.colcon_core.package_discovery:discover_packages(ignore) check parameters
[0.851s] Level 1:colcon.colcon_core.package_discovery:discover_packages(path) check parameters
[0.851s] Level 1:colcon.colcon_core.package_discovery:discover_packages(colcon_meta) discover
[0.851s] Level 1:colcon.colcon_core.package_discovery:discover_packages(recursive) discover
[0.851s] INFO:colcon.colcon_core.package_discovery:Crawling recursively for packages in '/sim_ws/src/lidar_processing'
[0.851s] Level 1:colcon.colcon_core.package_identification:_identify(.) by extensions ['ignore', 'ignore_ament_install']
[0.851s] Level 1:colcon.colcon_core.package_identification:_identify(.) by extension 'ignore'
[0.851s] Level 1:colcon.colcon_core.package_identification:_identify(.) by extension 'ignore_ament_install'
[0.851s] Level 1:colcon.colcon_core.package_identification:_identify(.) by extensions ['colcon_pkg']
[0.852s] Level 1:colcon.colcon_core.package_identification:_identify(.) by extension 'colcon_pkg'
[0.852s] Level 1:colcon.colcon_core.package_identification:_identify(.) by extensions ['colcon_meta']
[0.852s] Level 1:colcon.colcon_core.package_identification:_identify(.) by extension 'colcon_meta'
[0.852s] Level 1:colcon.colcon_core.package_identification:_identify(.) by extensions ['ros']
[0.852s] Level 1:colcon.colcon_core.package_identification:_identify(.) by extension 'ros'
[0.928s] DEBUG:colcon.colcon_core.package_identification:Package '.' with type 'ros.ament_cmake' and name 'lidar_processing'
[0.928s] Level 1:colcon.colcon_core.package_discovery:discover_packages(recursive) using defaults
[0.930s] Level 1:colcon.colcon_core.package_discovery:discover_packages(ignore) discover
[0.930s] Level 1:colcon.colcon_core.package_discovery:discover_packages(ignore) using defaults
[0.931s] Level 1:colcon.colcon_core.package_discovery:discover_packages(path) discover
[0.931s] Level 1:colcon.colcon_core.package_discovery:discover_packages(path) using defaults
[0.983s] Level 5:colcon.colcon_core.verb:set package 'lidar_processing' build argument 'cmake_args' from command line to 'None'
[0.983s] Level 5:colcon.colcon_core.verb:set package 'lidar_processing' build argument 'cmake_target' from command line to 'None'
[0.983s] Level 5:colcon.colcon_core.verb:set package 'lidar_processing' build argument 'cmake_target_skip_unavailable' from command line to 'False'
[0.983s] Level 5:colcon.colcon_core.verb:set package 'lidar_processing' build argument 'cmake_clean_cache' from command line to 'False'
[0.983s] Level 5:colcon.colcon_core.verb:set package 'lidar_processing' build argument 'cmake_clean_first' from command line to 'False'
[0.983s] Level 5:colcon.colcon_core.verb:set package 'lidar_processing' build argument 'cmake_force_configure' from command line to 'False'
[0.983s] Level 5:colcon.colcon_core.verb:set package 'lidar_processing' build argument 'ament_cmake_args' from command line to 'None'
[0.983s] Level 5:colcon.colcon_core.verb:set package 'lidar_processing' build argument 'catkin_cmake_args' from command line to 'None'
[0.983s] Level 5:colcon.colcon_core.verb:set package 'lidar_processing' build argument 'catkin_skip_building_tests' from command line to 'False'
[0.984s] DEBUG:colcon.colcon_core.verb:Building package 'lidar_processing' with the following arguments: {'ament_cmake_args': None, 'build_base': '/sim_ws/src/lidar_processing/build/lidar_processing', 'catkin_cmake_args': None, 'catkin_skip_building_tests': False, 'cmake_args': None, 'cmake_clean_cache': False, 'cmake_clean_first': False, 'cmake_force_configure': False, 'cmake_target': None, 'cmake_target_skip_unavailable': False, 'install_base': '/sim_ws/src/lidar_processing/install/lidar_processing', 'merge_install': False, 'path': '/sim_ws/src/lidar_processing', 'symlink_install': False, 'test_result_base': None}
[0.988s] INFO:colcon.colcon_core.executor:Executing jobs using 'parallel' executor
[0.996s] DEBUG:colcon.colcon_parallel_executor.executor.parallel:run_until_complete
[0.997s] INFO:colcon.colcon_ros.task.ament_cmake.build:Building ROS package in '/sim_ws/src/lidar_processing' with build type 'ament_cmake'
[0.998s] INFO:colcon.colcon_cmake.task.cmake.build:Building CMake package in '/sim_ws/src/lidar_processing'
[1.011s] INFO:colcon.colcon_core.plugin_system:Skipping extension 'colcon_core.shell.bat': Not used on non-Windows systems
[1.011s] INFO:colcon.colcon_core.shell:Skip shell extension 'powershell' for command environment: Not usable outside of PowerShell
[1.011s] DEBUG:colcon.colcon_core.shell:Skip shell extension 'dsv' for command environment
[1.053s] DEBUG:colcon.colcon_core.event_handler.log_command:Invoking command in '/sim_ws/src/lidar_processing/build/lidar_processing': CMAKE_PREFIX_PATH=${CMAKE_PREFIX_PATH}:/sim_ws/install/py_wallfollow:/sim_ws/install/gt_follow_gap:/sim_ws/install/f1tenth_gym_ros:/sim_ws/install/drift_detector:/opt/ros/foxy /usr/bin/cmake /sim_ws/src/lidar_processing -DCMAKE_INSTALL_PREFIX=/sim_ws/src/lidar_processing/install/lidar_processing
[9.838s] DEBUG:colcon.colcon_core.event_handler.log_command:Invoked command in '/sim_ws/src/lidar_processing/build/lidar_processing' returned '0': CMAKE_PREFIX_PATH=${CMAKE_PREFIX_PATH}:/sim_ws/install/py_wallfollow:/sim_ws/install/gt_follow_gap:/sim_ws/install/f1tenth_gym_ros:/sim_ws/install/drift_detector:/opt/ros/foxy /usr/bin/cmake /sim_ws/src/lidar_processing -DCMAKE_INSTALL_PREFIX=/sim_ws/src/lidar_processing/install/lidar_processing
[9.844s] DEBUG:colcon.colcon_core.event_handler.log_command:Invoking command in '/sim_ws/src/lidar_processing/build/lidar_processing': CMAKE_PREFIX_PATH=${CMAKE_PREFIX_PATH}:/sim_ws/install/py_wallfollow:/sim_ws/install/gt_follow_gap:/sim_ws/install/f1tenth_gym_ros:/sim_ws/install/drift_detector:/opt/ros/foxy /usr/bin/cmake --build /sim_ws/src/lidar_processing/build/lidar_processing -- -j12 -l12
[29.425s] DEBUG:colcon.colcon_core.event_handler.log_command:Invoked command in '/sim_ws/src/lidar_processing/build/lidar_processing' returned '0': CMAKE_PREFIX_PATH=${CMAKE_PREFIX_PATH}:/sim_ws/install/py_wallfollow:/sim_ws/install/gt_follow_gap:/sim_ws/install/f1tenth_gym_ros:/sim_ws/install/drift_detector:/opt/ros/foxy /usr/bin/cmake --build /sim_ws/src/lidar_processing/build/lidar_processing -- -j12 -l12
[29.513s] DEBUG:colcon.colcon_core.event_handler.log_command:Invoking command in '/sim_ws/src/lidar_processing/build/lidar_processing': CMAKE_PREFIX_PATH=${CMAKE_PREFIX_PATH}:/sim_ws/install/py_wallfollow:/sim_ws/install/gt_follow_gap:/sim_ws/install/f1tenth_gym_ros:/sim_ws/install/drift_detector:/opt/ros/foxy /usr/bin/cmake --install /sim_ws/src/lidar_processing/build/lidar_processing
[29.670s] Level 1:colcon.colcon_core.environment:create_environment_scripts_only(lidar_processing)
[29.671s] DEBUG:colcon.colcon_core.event_handler.log_command:Invoked command in '/sim_ws/src/lidar_processing/build/lidar_processing' returned '0': CMAKE_PREFIX_PATH=${CMAKE_PREFIX_PATH}:/sim_ws/install/py_wallfollow:/sim_ws/install/gt_follow_gap:/sim_ws/install/f1tenth_gym_ros:/sim_ws/install/drift_detector:/opt/ros/foxy /usr/bin/cmake --install /sim_ws/src/lidar_processing/build/lidar_processing
[29.681s] Level 1:colcon.colcon_core.environment:checking '/sim_ws/src/lidar_processing/install/lidar_processing' for CMake module files
[29.682s] Level 1:colcon.colcon_core.environment:checking '/sim_ws/src/lidar_processing/install/lidar_processing' for CMake config files
[29.683s] Level 1:colcon.colcon_core.shell:create_environment_hook('lidar_processing', 'cmake_prefix_path')
[29.685s] INFO:colcon.colcon_core.shell:Creating environment hook '/sim_ws/src/lidar_processing/install/lidar_processing/share/lidar_processing/hook/cmake_prefix_path.ps1'
[29.686s] INFO:colcon.colcon_core.shell:Creating environment descriptor '/sim_ws/src/lidar_processing/install/lidar_processing/share/lidar_processing/hook/cmake_prefix_path.dsv'
[29.687s] INFO:colcon.colcon_core.shell:Creating environment hook '/sim_ws/src/lidar_processing/install/lidar_processing/share/lidar_processing/hook/cmake_prefix_path.sh'
[29.689s] Level 1:colcon.colcon_core.environment:checking '/sim_ws/src/lidar_processing/install/lidar_processing/lib'
[29.689s] Level 1:colcon.colcon_core.environment:checking '/sim_ws/src/lidar_processing/install/lidar_processing/bin'
[29.689s] Level 1:colcon.colcon_core.environment:checking '/sim_ws/src/lidar_processing/install/lidar_processing/lib/pkgconfig/lidar_processing.pc'
[29.690s] Level 1:colcon.colcon_core.environment:checking '/sim_ws/src/lidar_processing/install/lidar_processing/lib/python3.8/site-packages'
[29.691s] Level 1:colcon.colcon_core.shell:create_environment_hook('lidar_processing', 'pythonpath')
[29.694s] INFO:colcon.colcon_core.shell:Creating environment hook '/sim_ws/src/lidar_processing/install/lidar_processing/share/lidar_processing/hook/pythonpath.ps1'
[29.695s] INFO:colcon.colcon_core.shell:Creating environment descriptor '/sim_ws/src/lidar_processing/install/lidar_processing/share/lidar_processing/hook/pythonpath.dsv'
[29.696s] INFO:colcon.colcon_core.shell:Creating environment hook '/sim_ws/src/lidar_processing/install/lidar_processing/share/lidar_processing/hook/pythonpath.sh'
[29.697s] Level 1:colcon.colcon_core.environment:checking '/sim_ws/src/lidar_processing/install/lidar_processing/bin'
[29.700s] INFO:colcon.colcon_core.shell:Creating package script '/sim_ws/src/lidar_processing/install/lidar_processing/share/lidar_processing/package.ps1'
[29.701s] INFO:colcon.colcon_core.shell:Creating package descriptor '/sim_ws/src/lidar_processing/install/lidar_processing/share/lidar_processing/package.dsv'
[29.702s] INFO:colcon.colcon_core.shell:Creating package script '/sim_ws/src/lidar_processing/install/lidar_processing/share/lidar_processing/package.sh'
[29.703s] INFO:colcon.colcon_core.shell:Creating package script '/sim_ws/src/lidar_processing/install/lidar_processing/share/lidar_processing/package.bash'
[29.705s] INFO:colcon.colcon_core.shell:Creating package script '/sim_ws/src/lidar_processing/install/lidar_processing/share/lidar_processing/package.zsh'
[29.706s] Level 1:colcon.colcon_core.environment:create_file_with_runtime_dependencies(/sim_ws/src/lidar_processing/install/lidar_processing/share/colcon-core/packages/lidar_processing)
[29.775s] Level 1:colcon.colcon_core.environment:create_environment_scripts_only(lidar_processing)
[29.778s] Level 1:colcon.colcon_core.environment:checking '/sim_ws/src/lidar_processing/install/lidar_processing' for CMake module files
[29.778s] Level 1:colcon.colcon_core.environment:checking '/sim_ws/src/lidar_processing/install/lidar_processing' for CMake config files
[29.779s] Level 1:colcon.colcon_core.shell:create_environment_hook('lidar_processing', 'cmake_prefix_path')
[29.780s] INFO:colcon.colcon_core.shell:Creating environment hook '/sim_ws/src/lidar_processing/install/lidar_processing/share/lidar_processing/hook/cmake_prefix_path.ps1'
[29.781s] INFO:colcon.colcon_core.shell:Creating environment descriptor '/sim_ws/src/lidar_processing/install/lidar_processing/share/lidar_processing/hook/cmake_prefix_path.dsv'
[29.782s] INFO:colcon.colcon_core.shell:Creating environment hook '/sim_ws/src/lidar_processing/install/lidar_processing/share/lidar_processing/hook/cmake_prefix_path.sh'
[29.783s] Level 1:colcon.colcon_core.environment:checking '/sim_ws/src/lidar_processing/install/lidar_processing/lib'
[29.783s] Level 1:colcon.colcon_core.environment:checking '/sim_ws/src/lidar_processing/install/lidar_processing/bin'
[29.783s] Level 1:colcon.colcon_core.environment:checking '/sim_ws/src/lidar_processing/install/lidar_processing/lib/pkgconfig/lidar_processing.pc'
[29.783s] Level 1:colcon.colcon_core.environment:checking '/sim_ws/src/lidar_processing/install/lidar_processing/lib/python3.8/site-packages'
[29.783s] Level 1:colcon.colcon_core.shell:create_environment_hook('lidar_processing', 'pythonpath')
[29.785s] INFO:colcon.colcon_core.shell:Creating environment hook '/sim_ws/src/lidar_processing/install/lidar_processing/share/lidar_processing/hook/pythonpath.ps1'
[29.786s] INFO:colcon.colcon_core.shell:Creating environment descriptor '/sim_ws/src/lidar_processing/install/lidar_processing/share/lidar_processing/hook/pythonpath.dsv'
[29.786s] INFO:colcon.colcon_core.shell:Creating environment hook '/sim_ws/src/lidar_processing/install/lidar_processing/share/lidar_processing/hook/pythonpath.sh'
[29.787s] Level 1:colcon.colcon_core.environment:checking '/sim_ws/src/lidar_processing/install/lidar_processing/bin'
[29.790s] INFO:colcon.colcon_core.shell:Creating package script '/sim_ws/src/lidar_processing/install/lidar_processing/share/lidar_processing/package.ps1'
[29.792s] INFO:colcon.colcon_core.shell:Creating package descriptor '/sim_ws/src/lidar_processing/install/lidar_processing/share/lidar_processing/package.dsv'
[29.793s] INFO:colcon.colcon_core.shell:Creating package script '/sim_ws/src/lidar_processing/install/lidar_processing/share/lidar_processing/package.sh'
[29.794s] INFO:colcon.colcon_core.shell:Creating package script '/sim_ws/src/lidar_processing/install/lidar_processing/share/lidar_processing/package.bash'
[29.795s] INFO:colcon.colcon_core.shell:Creating package script '/sim_ws/src/lidar_processing/install/lidar_processing/share/lidar_processing/package.zsh'
[29.796s] Level 1:colcon.colcon_core.environment:create_file_with_runtime_dependencies(/sim_ws/src/lidar_processing/install/lidar_processing/share/colcon-core/packages/lidar_processing)
[29.797s] DEBUG:colcon.colcon_parallel_executor.executor.parallel:closing loop
[29.797s] DEBUG:colcon.colcon_parallel_executor.executor.parallel:loop closed
[29.798s] DEBUG:colcon.colcon_parallel_executor.executor.parallel:run_until_complete finished with '0'
[29.799s] DEBUG:colcon.colcon_core.event_reactor:joining thread
[29.815s] INFO:colcon.colcon_core.plugin_system:Skipping extension 'colcon_notification.desktop_notification.notify_send': Could not find 'notify-send'
[29.815s] INFO:colcon.colcon_core.plugin_system:Skipping extension 'colcon_notification.desktop_notification.terminal_notifier': Not used on non-Darwin systems
[29.815s] INFO:colcon.colcon_core.plugin_system:Skipping extension 'colcon_notification.desktop_notification.win32': Not used on non-Windows systems
[29.815s] INFO:colcon.colcon_notification.desktop_notification:Sending desktop notification using 'notify2'
[29.845s] DEBUG:colcon.colcon_notification.desktop_notification.notify2:Failed to initialize notify2: org.freedesktop.DBus.Error.ServiceUnknown: The name org.freedesktop.Notifications was not provided by any .service files
[29.846s] DEBUG:colcon.colcon_core.event_reactor:joined thread
[29.848s] INFO:colcon.colcon_core.shell:Creating prefix script '/sim_ws/src/lidar_processing/install/local_setup.ps1'
[29.850s] INFO:colcon.colcon_core.shell:Creating prefix util module '/sim_ws/src/lidar_processing/install/_local_setup_util_ps1.py'
[29.860s] INFO:colcon.colcon_core.shell:Creating prefix chain script '/sim_ws/src/lidar_processing/install/setup.ps1'
[29.863s] INFO:colcon.colcon_core.shell:Creating prefix script '/sim_ws/src/lidar_processing/install/local_setup.sh'
[29.864s] INFO:colcon.colcon_core.shell:Creating prefix util module '/sim_ws/src/lidar_processing/install/_local_setup_util_sh.py'
[29.865s] INFO:colcon.colcon_core.shell:Creating prefix chain script '/sim_ws/src/lidar_processing/install/setup.sh'
[29.868s] INFO:colcon.colcon_core.shell:Creating prefix script '/sim_ws/src/lidar_processing/install/local_setup.bash'
[29.869s] INFO:colcon.colcon_core.shell:Creating prefix chain script '/sim_ws/src/lidar_processing/install/setup.bash'
[29.872s] INFO:colcon.colcon_core.shell:Creating prefix script '/sim_ws/src/lidar_processing/install/local_setup.zsh'
[29.872s] INFO:colcon.colcon_core.shell:Creating prefix chain script '/sim_ws/src/lidar_processing/install/setup.zsh'
